<?xml version="1.0" encoding="UTF-8"?>
<!-- Generated by org.testng.reporters.JUnitXMLReporter -->
<testsuite ignored="0" hostname="ManuLaptop" failures="0" tests="3" name="BodyResponse" time="4.241" errors="0" timestamp="2021-04-21T01:06:09 IDT">
  <testcase classname="com.whatslly.rest.api.testing_project.AllEndpointsOutputTheSameValues" name="ValidateTheSameValuesInAllEndpoints" time="1.698"/>
  <testcase classname="com.whatslly.rest.api.testing_project.AllEndpointsOutputTheSameValues" name="ValidateTheSameValuesInAllEndpoints" time="0.715"/>
  <testcase classname="com.whatslly.rest.api.testing_project.AllEndpointsOutputTheSameValues" name="ValidateTheSameValuesInAllEndpoints" time="1.817"/>
</testsuite> <!-- BodyResponse -->
