<?xml version="1.0" encoding="UTF-8"?>
<!-- Generated by org.testng.reporters.JUnitXMLReporter -->
<testsuite ignored="0" hostname="ManuLaptop" failures="0" tests="9" name="StatusCode" time="19.174" errors="0" timestamp="2021-04-21T12:28:29 IDT">
  <testcase classname="com.whatslly.rest.api.testing_project.PositiveStatusCodeTests" name="testAllEndpointsRespond" time="3.678"/>
  <testcase classname="com.whatslly.rest.api.testing_project.PositiveStatusCodeTests" name="testAllEndpointsRespond" time="1.118"/>
  <testcase classname="com.whatslly.rest.api.testing_project.PositiveStatusCodeTests" name="testAllEndpointsRespond" time="2.276"/>
  <testcase classname="com.whatslly.rest.api.testing_project.AllEndpointsOutputTheSameValues" name="ValidateTheSameValuesInAllEndpoints" time="1.148"/>
  <testcase classname="com.whatslly.rest.api.testing_project.AllEndpointsOutputTheSameValues" name="ValidateTheSameValuesInAllEndpoints" time="0.713"/>
  <testcase classname="com.whatslly.rest.api.testing_project.AllEndpointsOutputTheSameValues" name="ValidateTheSameValuesInAllEndpoints" time="1.616"/>
  <testcase classname="com.whatslly.rest.api.testing_project.NegativeTestWrongEndpoint" name="verifyWrongEndpointStatusCode" time="2.092"/>
  <testcase classname="com.whatslly.rest.api.testing_project.NegativeTestWrongEndpoint" name="verifyWrongEndpointStatusCode" time="2.099"/>
  <testcase classname="com.whatslly.rest.api.testing_project.NegativeTestWrongEndpoint" name="verifyWrongEndpointStatusCode" time="2.099"/>
</testsuite> <!-- StatusCode -->
