<?xml version="1.0" encoding="UTF-8"?>
<!-- Generated by org.testng.reporters.JUnitXMLReporter -->
<testsuite ignored="0" hostname="ManuLaptop" failures="0" tests="6" name="StatusCode" time="17.091" errors="0" timestamp="2021-04-21T01:39:47 IDT">
  <testcase classname="com.whatslly.rest.api.testing_project.PositiveStatusCodeTests" name="testAllEndpointsRespond" time="7.303"/>
  <testcase classname="com.whatslly.rest.api.testing_project.PositiveStatusCodeTests" name="testAllEndpointsRespond" time="0.992"/>
  <testcase classname="com.whatslly.rest.api.testing_project.PositiveStatusCodeTests" name="testAllEndpointsRespond" time="1.647"/>
  <testcase classname="com.whatslly.rest.api.testing_project.AllEndpointsOutputTheSameValues" name="ValidateTheSameValuesInAllEndpoints" time="1.263"/>
  <testcase classname="com.whatslly.rest.api.testing_project.AllEndpointsOutputTheSameValues" name="ValidateTheSameValuesInAllEndpoints" time="0.838"/>
  <testcase classname="com.whatslly.rest.api.testing_project.AllEndpointsOutputTheSameValues" name="ValidateTheSameValuesInAllEndpoints" time="2.308"/>
</testsuite> <!-- StatusCode -->
