<?xml version="1.0" encoding="UTF-8"?>
<testng-results ignored="0" total="6" passed="6" failed="0" skipped="0">
  <reporter-output>
  </reporter-output>
  <suite started-at="2021-04-21T01:39:30 IDT" name="Suite" finished-at="2021-04-21T01:39:47 IDT" duration-ms="17091">
    <groups>
    </groups>
    <test started-at="2021-04-21T01:39:30 IDT" name="StatusCode" finished-at="2021-04-21T01:39:47 IDT" duration-ms="17091">
      <class name="com.whatslly.rest.api.testing_project.PositiveStatusCodeTests">
        <test-method is-config="true" signature="loadPropertiesFiles()[pri:0, instance:com.whatslly.rest.api.testing_project.PositiveStatusCodeTests@10e41621]" started-at="2021-04-21T01:39:30 IDT" name="loadPropertiesFiles" finished-at="2021-04-21T01:39:30 IDT" duration-ms="10" status="PASS">
          <reporter-output>
          </reporter-output>
        </test-method> <!-- loadPropertiesFiles -->
        <test-method signature="testAllEndpointsRespond(java.lang.String)[pri:0, instance:com.whatslly.rest.api.testing_project.PositiveStatusCodeTests@10e41621]" started-at="2021-04-21T01:39:30 IDT" name="testAllEndpointsRespond" data-provider="create" finished-at="2021-04-21T01:39:37 IDT" duration-ms="7303" status="PASS">
          <params>
            <param index="0">
              <value>
                <![CDATA[us1]]>
              </value>
            </param>
          </params>
          <reporter-output>
          </reporter-output>
        </test-method> <!-- testAllEndpointsRespond -->
        <test-method signature="testAllEndpointsRespond(java.lang.String)[pri:0, instance:com.whatslly.rest.api.testing_project.PositiveStatusCodeTests@10e41621]" started-at="2021-04-21T01:39:37 IDT" name="testAllEndpointsRespond" data-provider="create" finished-at="2021-04-21T01:39:38 IDT" duration-ms="992" status="PASS">
          <params>
            <param index="0">
              <value>
                <![CDATA[eu1]]>
              </value>
            </param>
          </params>
          <reporter-output>
          </reporter-output>
        </test-method> <!-- testAllEndpointsRespond -->
        <test-method signature="testAllEndpointsRespond(java.lang.String)[pri:0, instance:com.whatslly.rest.api.testing_project.PositiveStatusCodeTests@10e41621]" started-at="2021-04-21T01:39:38 IDT" name="testAllEndpointsRespond" data-provider="create" finished-at="2021-04-21T01:39:40 IDT" duration-ms="1647" status="PASS">
          <params>
            <param index="0">
              <value>
                <![CDATA[br1]]>
              </value>
            </param>
          </params>
          <reporter-output>
          </reporter-output>
        </test-method> <!-- testAllEndpointsRespond -->
      </class> <!-- com.whatslly.rest.api.testing_project.PositiveStatusCodeTests -->
      <class name="com.whatslly.rest.api.testing_project.AllEndpointsOutputTheSameValues">
        <test-method is-config="true" signature="initilaizeResponse(java.lang.String)[pri:0, instance:com.whatslly.rest.api.testing_project.AllEndpointsOutputTheSameValues@21de60b4]" started-at="2021-04-21T01:39:40 IDT" name="initilaizeResponse" finished-at="2021-04-21T01:39:43 IDT" duration-ms="2680" status="PASS">
          <params>
            <param index="0">
              <value>
                <![CDATA[us1]]>
              </value>
            </param>
          </params>
          <reporter-output>
          </reporter-output>
        </test-method> <!-- initilaizeResponse -->
        <test-method signature="ValidateTheSameValuesInAllEndpoints(java.lang.String)[pri:0, instance:com.whatslly.rest.api.testing_project.AllEndpointsOutputTheSameValues@21de60b4]" started-at="2021-04-21T01:39:43 IDT" name="ValidateTheSameValuesInAllEndpoints" data-provider="create" finished-at="2021-04-21T01:39:44 IDT" duration-ms="1263" status="PASS">
          <params>
            <param index="0">
              <value>
                <![CDATA[us1]]>
              </value>
            </param>
          </params>
          <reporter-output>
          </reporter-output>
        </test-method> <!-- ValidateTheSameValuesInAllEndpoints -->
        <test-method signature="ValidateTheSameValuesInAllEndpoints(java.lang.String)[pri:0, instance:com.whatslly.rest.api.testing_project.AllEndpointsOutputTheSameValues@21de60b4]" started-at="2021-04-21T01:39:44 IDT" name="ValidateTheSameValuesInAllEndpoints" data-provider="create" finished-at="2021-04-21T01:39:45 IDT" duration-ms="838" status="PASS">
          <params>
            <param index="0">
              <value>
                <![CDATA[eu1]]>
              </value>
            </param>
          </params>
          <reporter-output>
          </reporter-output>
        </test-method> <!-- ValidateTheSameValuesInAllEndpoints -->
        <test-method signature="ValidateTheSameValuesInAllEndpoints(java.lang.String)[pri:0, instance:com.whatslly.rest.api.testing_project.AllEndpointsOutputTheSameValues@21de60b4]" started-at="2021-04-21T01:39:45 IDT" name="ValidateTheSameValuesInAllEndpoints" data-provider="create" finished-at="2021-04-21T01:39:47 IDT" duration-ms="2308" status="PASS">
          <params>
            <param index="0">
              <value>
                <![CDATA[br1]]>
              </value>
            </param>
          </params>
          <reporter-output>
          </reporter-output>
        </test-method> <!-- ValidateTheSameValuesInAllEndpoints -->
      </class> <!-- com.whatslly.rest.api.testing_project.AllEndpointsOutputTheSameValues -->
    </test> <!-- StatusCode -->
  </suite> <!-- Suite -->
</testng-results>
